Start testing: Jul 30 08:44 +07
----------------------------------------------------------
1/2 Testing: SumTest.Positive
1/2 Test: SumTest.Positive
Command: "/home/cavoid/workspace/devops/build/hello_test" "--gtest_filter=SumTest.Positive" "--gtest_also_run_disabled_tests"
Directory: /home/cavoid/workspace/devops/build
"SumTest.Positive" start time: Jul 30 08:44 +07
Output:
----------------------------------------------------------
Running main() from /home/cavoid/workspace/devops/build/_deps/googletest-src/googletest/src/gtest_main.cc
Note: Google Test filter = SumTest.Positive
[==========] Running 1 test from 1 test suite.
[----------] Global test environment set-up.
[----------] 1 test from SumTest
[ RUN      ] SumTest.Positive
[       OK ] SumTest.Positive (0 ms)
[----------] 1 test from SumTest (0 ms total)

[----------] Global test environment tear-down
[==========] 1 test from 1 test suite ran. (0 ms total)
[  PASSED  ] 1 test.
<end of output>
Test time =   0.00 sec
----------------------------------------------------------
Test Passed.
"SumTest.Positive" end time: Jul 30 08:44 +07
"SumTest.Positive" time elapsed: 00:00:00
----------------------------------------------------------

2/2 Testing: SumTest.Nagative
2/2 Test: SumTest.Nagative
Command: "/home/cavoid/workspace/devops/build/hello_test" "--gtest_filter=SumTest.Nagative" "--gtest_also_run_disabled_tests"
Directory: /home/cavoid/workspace/devops/build
"SumTest.Nagative" start time: Jul 30 08:44 +07
Output:
----------------------------------------------------------
Running main() from /home/cavoid/workspace/devops/build/_deps/googletest-src/googletest/src/gtest_main.cc
Note: Google Test filter = SumTest.Nagative
[==========] Running 1 test from 1 test suite.
[----------] Global test environment set-up.
[----------] 1 test from SumTest
[ RUN      ] SumTest.Nagative
[       OK ] SumTest.Nagative (0 ms)
[----------] 1 test from SumTest (0 ms total)

[----------] Global test environment tear-down
[==========] 1 test from 1 test suite ran. (0 ms total)
[  PASSED  ] 1 test.
<end of output>
Test time =   0.00 sec
----------------------------------------------------------
Test Passed.
"SumTest.Nagative" end time: Jul 30 08:44 +07
"SumTest.Nagative" time elapsed: 00:00:00
----------------------------------------------------------

End testing: Jul 30 08:44 +07
